<?xml version="1.0" encoding="UTF-8"?>
<!-- Generated by org.testng.reporters.JUnitReportReporter -->
<testsuite hostname="DESKTOP-BVVV3QU" failures="0" tests="2" name="TestCases.NeoStoxTestclass" time="25.995" errors="0" timestamp="2022-12-23T17:47:57 IST" skipped="0">
  <testcase classname="TestCases.NeoStoxTestclass" name="validateUserID" time="11.996"/>
  <system-out>
    <![CDATA[taking wait for 1000 ms
getting actual user name
Actual user name is Kunal Adamane
Reading username from property file
Tc validateUserID======================is Successed]]>
  </system-out>
  <testcase classname="TestCases.NeoStoxTestclass" name="validatebalance" time="13.999"/>
  <system-out>
    <![CDATA[taking wait for 1000 ms
getting accBalance 
Account Balance is Rs.5,00,000.00
Tc validatebalance======================is Successed]]>
  </system-out>
</testsuite> <!-- TestCases.NeoStoxTestclass -->
